2025-04-29_15:19:02 [32mGET File(s) upploaded successfully[0m
2025-04-29_15:19:02 [32mGET File(s) upploaded successfully[0m
2025-04-29_15:19:02 [32mPOST File(s) upploaded successfully[0m
2025-04-29_15:19:02 [32mPOST (multi) File(s) upploaded successfully[0m
2025-04-29_15:19:02 [31mNot Found[0m
2025-04-29_15:19:02 [32mGET File(s) upploaded successfully[0m
2025-04-29_15:19:02 [32mGET File(s) upploaded successfully[0m
2025-04-29_15:19:02 [32mDELETE File deleted successfully[0m
2025-04-29_15:19:02 [32mDELETE File deleted successfully[0m
2025-04-29_15:19:02 [31mNot Found[0m
2025-04-29_15:19:02 [31mNot Found[0m
2025-04-29_15:19:52 [32mGET File(s) upploaded successfully[0m
2025-04-29_15:19:52 [32mGET File(s) upploaded successfully[0m
2025-04-29_15:19:52 [32mPOST File(s) upploaded successfully[0m
2025-04-29_15:19:52 [32mPOST (multi) File(s) upploaded successfully[0m
2025-04-29_15:19:52 [32mGET File(s) upploaded successfully[0m
2025-04-29_15:19:52 [32mGET File(s) upploaded successfully[0m
2025-04-29_15:19:52 [32mGET File(s) upploaded successfully[0m
2025-04-29_15:19:52 [32mDELETE File deleted successfully[0m
2025-04-29_15:19:52 [32mDELETE File deleted successfully[0m
2025-04-29_15:19:52 [31mNot Found[0m
2025-04-29_15:19:52 [31mNot Found[0m
